{"contracts\\Election.sol":{"l":{"25":0,"26":0,"36":3,"37":3,"38":3,"39":3,"46":5,"47":5,"48":3,"50":1,"51":1,"52":1,"53":1,"58":0,"59":0,"60":0,"61":0,"62":0,"66":0,"67":0,"69":0,"70":0,"76":0,"77":0,"79":0,"80":0,"81":0,"87":0,"88":0,"89":0,"94":0,"95":0,"96":0,"97":0,"100":0,"105":0,"106":0,"107":0,"110":0,"115":3,"116":8,"117":1,"120":2,"124":0,"128":0},"path":"C:\\Users\\adrian.vitelus\\Desktop\\Code\\Blockchain\\Corso\\terza\\elections\\contracts\\Election.sol","s":{"1":0,"2":3,"3":3,"4":3,"5":3,"6":5,"7":5,"8":3,"9":1,"10":1,"11":1,"12":1,"13":0,"14":0,"15":0,"16":0,"17":0,"18":0,"19":0,"20":0,"21":0,"22":0,"23":0,"24":0,"25":0,"26":0,"27":0,"28":0,"29":0,"30":0,"31":0,"32":0,"33":0,"34":0,"35":0,"36":3,"37":8,"38":1,"39":2,"40":0,"41":0},"b":{"1":[0,0],"2":[5,0],"3":[3,2],"4":[1,2],"5":[0,0],"6":[0,0],"7":[0,0],"8":[0,0],"9":[0,0],"10":[0,0],"11":[1,7]},"f":{"1":0,"2":3,"3":5,"4":0,"5":0,"6":0,"7":0,"8":0,"9":3,"10":0,"11":0},"fnMap":{"1":{"name":"onlyAdmin","line":24,"loc":{"start":{"line":24,"column":4},"end":{"line":27,"column":4}}},"2":{"name":"constructor","line":35,"loc":{"start":{"line":35,"column":4},"end":{"line":40,"column":4}}},"3":{"name":"voteForCandidate","line":45,"loc":{"start":{"line":45,"column":4},"end":{"line":54,"column":4}}},"4":{"name":"reward","line":57,"loc":{"start":{"line":57,"column":4},"end":{"line":72,"column":4}}},"5":{"name":"reset","line":75,"loc":{"start":{"line":75,"column":4},"end":{"line":83,"column":4}}},"6":{"name":"modifyParams","line":86,"loc":{"start":{"line":86,"column":4},"end":{"line":90,"column":4}}},"7":{"name":"findVoteToWin","line":93,"loc":{"start":{"line":93,"column":4},"end":{"line":101,"column":4}}},"8":{"name":"validVoter","line":104,"loc":{"start":{"line":104,"column":4},"end":{"line":111,"column":4}}},"9":{"name":"validCandidate","line":114,"loc":{"start":{"line":114,"column":4},"end":{"line":121,"column":4}}},"10":{"name":"getSizeCandidate","line":123,"loc":{"start":{"line":123,"column":4},"end":{"line":125,"column":4}}},"11":{"name":"getSizeWinners","line":127,"loc":{"start":{"line":127,"column":5},"end":{"line":129,"column":4}}}},"statementMap":{"1":{"start":{"line":25,"column":8},"end":{"line":25,"column":49}},"2":{"start":{"line":36,"column":8},"end":{"line":36,"column":25}},"3":{"start":{"line":37,"column":8},"end":{"line":37,"column":37}},"4":{"start":{"line":38,"column":8},"end":{"line":38,"column":27}},"5":{"start":{"line":39,"column":8},"end":{"line":39,"column":21}},"6":{"start":{"line":46,"column":8},"end":{"line":46,"column":80}},"7":{"start":{"line":47,"column":8},"end":{"line":47,"column":81}},"8":{"start":{"line":48,"column":8},"end":{"line":48,"column":64}},"9":{"start":{"line":50,"column":8},"end":{"line":50,"column":36}},"10":{"start":{"line":51,"column":8},"end":{"line":51,"column":33}},"11":{"start":{"line":52,"column":8},"end":{"line":52,"column":22}},"12":{"start":{"line":53,"column":8},"end":{"line":53,"column":40}},"13":{"start":{"line":58,"column":8},"end":{"line":58,"column":69}},"14":{"start":{"line":59,"column":8},"end":{"line":59,"column":43}},"15":{"start":{"line":60,"column":8},"end":{"line":60,"column":2253}},"16":{"start":{"line":61,"column":12},"end":{"line":61,"column":2317}},"17":{"start":{"line":62,"column":16},"end":{"line":62,"column":55}},"18":{"start":{"line":66,"column":8},"end":{"line":66,"column":54}},"19":{"start":{"line":67,"column":8},"end":{"line":67,"column":62}},"20":{"start":{"line":69,"column":8},"end":{"line":69,"column":2600}},"21":{"start":{"line":70,"column":12},"end":{"line":70,"column":46}},"22":{"start":{"line":76,"column":8},"end":{"line":76,"column":2780}},"23":{"start":{"line":77,"column":12},"end":{"line":77,"column":46}},"24":{"start":{"line":87,"column":8},"end":{"line":87,"column":55}},"25":{"start":{"line":88,"column":8},"end":{"line":88,"column":37}},"26":{"start":{"line":89,"column":8},"end":{"line":89,"column":27}},"27":{"start":{"line":94,"column":8},"end":{"line":94,"column":59}},"28":{"start":{"line":95,"column":8},"end":{"line":95,"column":3485}},"29":{"start":{"line":96,"column":12},"end":{"line":96,"column":3546}},"30":{"start":{"line":97,"column":16},"end":{"line":97,"column":58}},"31":{"start":{"line":100,"column":8},"end":{"line":100,"column":24}},"32":{"start":{"line":105,"column":8},"end":{"line":105,"column":3850}},"33":{"start":{"line":106,"column":12},"end":{"line":106,"column":3912}},"34":{"start":{"line":107,"column":16},"end":{"line":107,"column":28}},"35":{"start":{"line":110,"column":8},"end":{"line":110,"column":19}},"36":{"start":{"line":115,"column":8},"end":{"line":115,"column":4177}},"37":{"start":{"line":116,"column":12},"end":{"line":116,"column":4243}},"38":{"start":{"line":117,"column":16},"end":{"line":117,"column":27}},"39":{"start":{"line":120,"column":8},"end":{"line":120,"column":20}},"40":{"start":{"line":124,"column":8},"end":{"line":124,"column":35}},"41":{"start":{"line":128,"column":8},"end":{"line":128,"column":29}}},"branchMap":{"1":{"line":25,"type":"if","locations":[{"start":{"line":25,"column":8},"end":{"line":25,"column":8}},{"start":{"line":25,"column":8},"end":{"line":25,"column":8}}]},"2":{"line":46,"type":"if","locations":[{"start":{"line":46,"column":8},"end":{"line":46,"column":8}},{"start":{"line":46,"column":8},"end":{"line":46,"column":8}}]},"3":{"line":47,"type":"if","locations":[{"start":{"line":47,"column":8},"end":{"line":47,"column":8}},{"start":{"line":47,"column":8},"end":{"line":47,"column":8}}]},"4":{"line":48,"type":"if","locations":[{"start":{"line":48,"column":8},"end":{"line":48,"column":8}},{"start":{"line":48,"column":8},"end":{"line":48,"column":8}}]},"5":{"line":58,"type":"if","locations":[{"start":{"line":58,"column":8},"end":{"line":58,"column":8}},{"start":{"line":58,"column":8},"end":{"line":58,"column":8}}]},"6":{"line":61,"type":"if","locations":[{"start":{"line":61,"column":12},"end":{"line":61,"column":12}},{"start":{"line":61,"column":12},"end":{"line":61,"column":12}}]},"7":{"line":66,"type":"if","locations":[{"start":{"line":66,"column":8},"end":{"line":66,"column":8}},{"start":{"line":66,"column":8},"end":{"line":66,"column":8}}]},"8":{"line":87,"type":"if","locations":[{"start":{"line":87,"column":8},"end":{"line":87,"column":8}},{"start":{"line":87,"column":8},"end":{"line":87,"column":8}}]},"9":{"line":96,"type":"if","locations":[{"start":{"line":96,"column":12},"end":{"line":96,"column":12}},{"start":{"line":96,"column":12},"end":{"line":96,"column":12}}]},"10":{"line":106,"type":"if","locations":[{"start":{"line":106,"column":12},"end":{"line":106,"column":12}},{"start":{"line":106,"column":12},"end":{"line":106,"column":12}}]},"11":{"line":116,"type":"if","locations":[{"start":{"line":116,"column":12},"end":{"line":116,"column":12}},{"start":{"line":116,"column":12},"end":{"line":116,"column":12}}]}}}}